<?xml version="1.0" encoding="UTF-8"?>
<testng-results ignored="0" total="2" passed="1" failed="1" skipped="0">
  <reporter-output>
  </reporter-output>
  <suite started-at="2023-05-24T15:03:47 IST" name="Default suite" finished-at="2023-05-24T15:04:34 IST" duration-ms="46471">
    <groups>
    </groups>
    <test started-at="2023-05-24T15:03:47 IST" name="Default test" finished-at="2023-05-24T15:04:34 IST" duration-ms="46471">
      <class name="org.test.automation.UI.testcases.AutomateTestSite">
        <test-method is-config="true" signature="init()[pri:0, instance:org.test.automation.UI.testcases.AutomateTestSite@40005471]" started-at="2023-05-24T15:03:48 IST" name="init" finished-at="2023-05-24T15:03:48 IST" duration-ms="86" status="PASS">
          <reporter-output>
          </reporter-output>
        </test-method> <!-- init -->
        <test-method is-config="true" signature="setup(java.lang.String)[pri:0, instance:org.test.automation.UI.testcases.AutomateTestSite@40005471]" started-at="2023-05-24T15:03:48 IST" name="setup" finished-at="2023-05-24T15:03:55 IST" duration-ms="7140" status="PASS">
          <params>
            <param index="0">
              <value>
                <![CDATA[CHROME]]>
              </value>
            </param>
          </params>
          <reporter-output>
          </reporter-output>
        </test-method> <!-- setup -->
        <test-method signature="TC_testCheckboxes()[pri:0, instance:org.test.automation.UI.testcases.AutomateTestSite@40005471]" started-at="2023-05-24T15:03:55 IST" name="TC_testCheckboxes" finished-at="2023-05-24T15:04:14 IST" duration-ms="19327" status="PASS">
          <reporter-output>
          </reporter-output>
        </test-method> <!-- TC_testCheckboxes -->
        <test-method is-config="true" signature="tearDown(org.testng.ITestResult,org.testng.ITestContext)[pri:0, instance:org.test.automation.UI.testcases.AutomateTestSite@40005471]" started-at="2023-05-24T15:04:14 IST" name="tearDown" finished-at="2023-05-24T15:04:14 IST" duration-ms="173" status="PASS">
          <params>
            <param index="0">
              <value>
                <![CDATA[[TestResult name=TC_testCheckboxes status=SUCCESS method=AutomateTestSite.TC_testCheckboxes()[pri:0, instance:org.test.automation.UI.testcases.AutomateTestSite@40005471] output={null}]]]>
              </value>
            </param>
            <param index="1">
              <value>
                <![CDATA[org.testng.TestRunner@3968bc60]]>
              </value>
            </param>
          </params>
          <reporter-output>
          </reporter-output>
        </test-method> <!-- tearDown -->
        <test-method is-config="true" signature="setup(java.lang.String)[pri:0, instance:org.test.automation.UI.testcases.AutomateTestSite@40005471]" started-at="2023-05-24T15:04:14 IST" name="setup" finished-at="2023-05-24T15:04:17 IST" duration-ms="2471" status="PASS">
          <params>
            <param index="0">
              <value>
                <![CDATA[CHROME]]>
              </value>
            </param>
          </params>
          <reporter-output>
          </reporter-output>
        </test-method> <!-- setup -->
        <test-method signature="TC_testFileUpload()[pri:0, instance:org.test.automation.UI.testcases.AutomateTestSite@40005471]" started-at="2023-05-24T15:04:17 IST" name="TC_testFileUpload" finished-at="2023-05-24T15:04:33 IST" duration-ms="16338" status="FAIL">
          <exception class="java.lang.AssertionError">
            <message>
              <![CDATA[expected [false] but found [true]]]>
            </message>
            <full-stacktrace>
              <![CDATA[java.lang.AssertionError: expected [false] but found [true]
at org.testng.Assert.fail(Assert.java:99)
at org.testng.Assert.failNotEquals(Assert.java:1037)
at org.testng.Assert.assertFalse(Assert.java:67)
at org.testng.Assert.assertFalse(Assert.java:77)
at org.test.automation.UI.testcases.AutomateTestSite.TC_testFileUpload(AutomateTestSite.java:25)
at java.base/jdk.internal.reflect.NativeMethodAccessorImpl.invoke0(Native Method)
at java.base/jdk.internal.reflect.NativeMethodAccessorImpl.invoke(NativeMethodAccessorImpl.java:77)
at java.base/jdk.internal.reflect.DelegatingMethodAccessorImpl.invoke(DelegatingMethodAccessorImpl.java:43)
at java.base/java.lang.reflect.Method.invoke(Method.java:568)
at org.testng.internal.MethodInvocationHelper.invokeMethod(MethodInvocationHelper.java:133)
at org.testng.internal.TestInvoker.invokeMethod(TestInvoker.java:598)
at org.testng.internal.TestInvoker.invokeTestMethod(TestInvoker.java:173)
at org.testng.internal.MethodRunner.runInSequence(MethodRunner.java:46)
at org.testng.internal.TestInvoker$MethodInvocationAgent.invoke(TestInvoker.java:824)
at org.testng.internal.TestInvoker.invokeTestMethods(TestInvoker.java:146)
at org.testng.internal.TestMethodWorker.invokeTestMethods(TestMethodWorker.java:146)
at org.testng.internal.TestMethodWorker.run(TestMethodWorker.java:128)
at java.base/java.util.ArrayList.forEach(ArrayList.java:1511)
at org.testng.TestRunner.privateRun(TestRunner.java:794)
at org.testng.TestRunner.run(TestRunner.java:596)
at org.testng.SuiteRunner.runTest(SuiteRunner.java:377)
at org.testng.SuiteRunner.runSequentially(SuiteRunner.java:371)
at org.testng.SuiteRunner.privateRun(SuiteRunner.java:332)
at org.testng.SuiteRunner.run(SuiteRunner.java:276)
at org.testng.SuiteRunnerWorker.runSuite(SuiteRunnerWorker.java:53)
at org.testng.SuiteRunnerWorker.run(SuiteRunnerWorker.java:96)
at org.testng.TestNG.runSuitesSequentially(TestNG.java:1212)
at org.testng.TestNG.runSuitesLocally(TestNG.java:1134)
at org.testng.TestNG.runSuites(TestNG.java:1063)
at org.testng.TestNG.run(TestNG.java:1031)
at org.testng.remote.AbstractRemoteTestNG.run(AbstractRemoteTestNG.java:115)
at org.testng.remote.RemoteTestNG.initAndRun(RemoteTestNG.java:251)
at org.testng.remote.RemoteTestNG.main(RemoteTestNG.java:77)
]]>
            </full-stacktrace>
          </exception> <!-- java.lang.AssertionError -->
          <reporter-output>
          </reporter-output>
        </test-method> <!-- TC_testFileUpload -->
        <test-method is-config="true" signature="tearDown(org.testng.ITestResult,org.testng.ITestContext)[pri:0, instance:org.test.automation.UI.testcases.AutomateTestSite@40005471]" started-at="2023-05-24T15:04:33 IST" name="tearDown" finished-at="2023-05-24T15:04:33 IST" duration-ms="295" status="PASS">
          <params>
            <param index="0">
              <value>
                <![CDATA[[TestResult name=TC_testFileUpload status=FAILURE method=AutomateTestSite.TC_testFileUpload()[pri:0, instance:org.test.automation.UI.testcases.AutomateTestSite@40005471] output={null}]]]>
              </value>
            </param>
            <param index="1">
              <value>
                <![CDATA[org.testng.TestRunner@3968bc60]]>
              </value>
            </param>
          </params>
          <reporter-output>
          </reporter-output>
        </test-method> <!-- tearDown -->
        <test-method is-config="true" signature="prepareTestReport(org.testng.ITestContext)[pri:0, instance:org.test.automation.UI.testcases.AutomateTestSite@40005471]" started-at="2023-05-24T15:04:33 IST" name="prepareTestReport" finished-at="2023-05-24T15:04:34 IST" duration-ms="582" status="PASS">
          <params>
            <param index="0">
              <value>
                <![CDATA[org.testng.TestRunner@3968bc60]]>
              </value>
            </param>
          </params>
          <reporter-output>
          </reporter-output>
        </test-method> <!-- prepareTestReport -->
        <test-method is-config="true" signature="stop()[pri:0, instance:org.test.automation.UI.testcases.AutomateTestSite@40005471]" started-at="2023-05-24T15:04:34 IST" name="stop" finished-at="2023-05-24T15:04:34 IST" duration-ms="2" status="PASS">
          <reporter-output>
          </reporter-output>
        </test-method> <!-- stop -->
      </class> <!-- org.test.automation.UI.testcases.AutomateTestSite -->
    </test> <!-- Default test -->
  </suite> <!-- Default suite -->
</testng-results>
